c:\users\gospekto\documents\github\mosaicapp\mosaicasm\x64\debug\mosaicasm.pch
c:\users\gospekto\documents\github\mosaicapp\mosaicasm\x64\debug\vc143.pdb
c:\users\gospekto\documents\github\mosaicapp\mosaicasm\x64\debug\vc143.idb
c:\users\gospekto\documents\github\mosaicapp\mosaicasm\x64\debug\pch.obj
c:\users\gospekto\documents\github\mosaicapp\mosaicasm\x64\debug\dllmain.obj
c:\users\gospekto\documents\github\mosaicapp\mosaicasm\x64\debug\mosaicasm.obj
c:\users\gospekto\documents\github\mosaicapp\x64\debug\mosaicasm.pdb
c:\users\gospekto\documents\github\mosaicapp\mosaicasm\x64\debug\mosaicasm.tlog\cl.command.1.tlog
c:\users\gospekto\documents\github\mosaicapp\mosaicasm\x64\debug\mosaicasm.tlog\cl.read.1.tlog
c:\users\gospekto\documents\github\mosaicapp\mosaicasm\x64\debug\mosaicasm.tlog\cl.write.1.tlog
c:\users\gospekto\documents\github\mosaicapp\mosaicasm\x64\debug\mosaicasm.tlog\link-cvtres.read.1.tlog
c:\users\gospekto\documents\github\mosaicapp\mosaicasm\x64\debug\mosaicasm.tlog\link-cvtres.write.1.tlog
c:\users\gospekto\documents\github\mosaicapp\mosaicasm\x64\debug\mosaicasm.tlog\link-rc.read.1.tlog
c:\users\gospekto\documents\github\mosaicapp\mosaicasm\x64\debug\mosaicasm.tlog\link-rc.write.1.tlog
c:\users\gospekto\documents\github\mosaicapp\mosaicasm\x64\debug\mosaicasm.tlog\link.command.1.tlog
c:\users\gospekto\documents\github\mosaicapp\mosaicasm\x64\debug\mosaicasm.tlog\link.read.1.tlog
c:\users\gospekto\documents\github\mosaicapp\mosaicasm\x64\debug\mosaicasm.tlog\link.read.2.tlog
c:\users\gospekto\documents\github\mosaicapp\mosaicasm\x64\debug\mosaicasm.tlog\link.write.1.tlog
c:\users\gospekto\documents\github\mosaicapp\mosaicasm\x64\debug\mosaicasm.tlog\masm.read.1u.tlog
c:\users\gospekto\documents\github\mosaicapp\mosaicasm\x64\debug\mosaicasm.tlog\masm.write.1u.tlog
